<?xml version="1.0" encoding="UTF-8"?>
<!-- Generated by org.testng.reporters.JUnitXMLReporter -->
<testsuite ignored="0" hostname="PiyushVerma" failures="0" tests="5" name="Selenium-JavaCourse" time="32.923" errors="0" timestamp="2023-07-28T17:51:11 IST">
  <testcase classname="testNGPrograms.testNGDataProviderWithExcel.MidtransTest" name="launchURL" time="3.572"/>
  <testcase classname="testNGPrograms.testNGDataProviderWithExcel.MidtransTest" name="verifyHomePageLogo" time="5.192"/>
  <testcase classname="testNGPrograms.testNGDataProviderWithExcel.MidtransTest" name="clickOnBuyNowButton" time="4.255"/>
  <testcase classname="testNGPrograms.testNGDataProviderWithExcel.MidtransTest" name="verifyShoppingCartPopUp" time="3.099"/>
  <testcase classname="testNGPrograms.testNGDataProviderWithExcel.MidtransTest" name="enterUserDetails" time="7.629"/>
</testsuite> <!-- Selenium-JavaCourse -->
