<?xml version="1.0" encoding="UTF-8"?>
<!-- Generated by org.testng.reporters.JUnitXMLReporter -->
<testsuite ignored="0" hostname="PiyushVerma" failures="0" tests="2" name="createMultipleTests.Test1" time="26.253" errors="0" timestamp="2023-07-28T16:13:28 IST">
  <testcase classname="testNGPrograms.createMultipleTests.Test1" name="navigateToURL" time="7.138"/>
  <testcase classname="testNGPrograms.createMultipleTests.Test1" name="searchText" time="5.781"/>
</testsuite> <!-- createMultipleTests.Test1 -->
