<?xml version="1.0" encoding="UTF-8"?>
<!-- Generated by org.testng.reporters.JUnitXMLReporter -->
<testsuite ignored="0" hostname="PiyushVerma" failures="0" tests="2" name="createMultipleTests.Test2" time="24.751" errors="0" timestamp="2023-07-28T16:13:53 IST">
  <testcase classname="testNGPrograms.createMultipleTests.Test2" name="navigateToURL" time="6.147"/>
  <testcase classname="testNGPrograms.createMultipleTests.Test2" name="clickOnMoreInformation" time="10.326"/>
</testsuite> <!-- createMultipleTests.Test2 -->
