<?xml version="1.0" encoding="UTF-8"?>
<!-- Generated by org.testng.reporters.JUnitXMLReporter -->
<testsuite ignored="0" hostname="PiyushVerma" failures="0" tests="5" name="Taking Data from Excel Sheet" time="57.862" errors="0" timestamp="2023-07-25T13:57:18 IST">
  <testcase classname="testNGPrograms.testNGDataProviderWithExcel.MidtransTest" name="launchURL" time="3.768"/>
  <testcase classname="testNGPrograms.testNGDataProviderWithExcel.MidtransTest" name="verifyHomePageLogo" time="5.205"/>
  <testcase classname="testNGPrograms.testNGDataProviderWithExcel.MidtransTest" name="clickOnBuyNowButton" time="4.252"/>
  <testcase classname="testNGPrograms.testNGDataProviderWithExcel.MidtransTest" name="verifyShoppingCartPopUp" time="3.071"/>
  <testcase classname="testNGPrograms.testNGDataProviderWithExcel.MidtransTest" name="enterUserDetails" time="32.581"/>
</testsuite> <!-- Taking Data from Excel Sheet -->
